C51 COMPILER V9.60.7.0   KEY                                                               11/10/2025 17:35:04 PAGE 1   


C51 COMPILER V9.60.7.0, COMPILATION OF MODULE KEY
OBJECT MODULE PLACED IN .\Objects\Key.obj
COMPILER INVOKED BY: D:\Keil_v5\C51\BIN\C51.EXE Driver\Key.c LARGE OPTIMIZE(8,SPEED) BROWSE INCDIR(.\Lib;.\Driver;.\User
                    -) DEBUG OBJECTEXTEND PRINT(.\Listings\Key.lst) OBJECT(.\Objects\Key.obj)

line level    source

   1          #include "Key.h"
   2          #include "GPIO.h"
   3          
   4          
   5          void Key_init(){
   6   1          P0_MODE_IO_PU(GPIO_Pin_5);
   7   1      }
   8          
   9          
  10          void Key_scan(){
  11   1          
  12   1          static u8 pre_state = 1; // 静态局部变量
  13   1          // 如果状态发生变化
  14   1          if(KEY != pre_state){
  15   2              
  16   2              if(KEY) { // 抬起
  17   3                  Key_on_up();
  18   3              }else { // 按下
  19   3                  Key_on_down();
  20   3              }
  21   2              
  22   2              // 记录状态
  23   2              pre_state = KEY;
  24   2          }
  25   1          
  26   1      }


MODULE INFORMATION:   STATIC OVERLAYABLE
   CODE SIZE        =     39    ----
   CONSTANT SIZE    =   ----    ----
   XDATA SIZE       =      1    ----
   PDATA SIZE       =   ----    ----
   DATA SIZE        =   ----    ----
   IDATA SIZE       =   ----    ----
   BIT SIZE         =   ----    ----
END OF MODULE INFORMATION.


C51 COMPILATION COMPLETE.  0 WARNING(S),  0 ERROR(S)
